Arguments: 
  /home/borrarcuandofuncione/.nvm/versions/node/v9.9.0/bin/node /home/borrarcuandofuncione/.nvm/versions/node/v9.9.0/bin/yarn install webpack webpack-cli -D

PATH: 
  /home/borrarcuandofuncione/.nvm/versions/node/v9.9.0/bin:/home/borrarcuandofuncione/bin:/home/borrarcuandofuncione/.local/bin:/usr/local/sbin:/usr/local/bin:/usr/sbin:/usr/bin:/sbin:/bin:/usr/games:/usr/local/games:/snap/bin

Yarn version: 
  1.5.1

Node version: 
  9.9.0

Platform: 
  linux x64

npm manifest: 
  {
    "name": "example",
    "version": "1.0.0",
    "description": "LOL",
    "main": "index.js",
    "author": "EnriqueLC",
    "license": "MIT",
    "private": true
  }

yarn manifest: 
  No manifest

Lockfile: 
  No lockfile

Trace: 
  Error: `install` has been replaced with `add` to add new dependencies. Run "yarn add webpack webpack-cli --dev" instead.
      at new MessageError (/home/borrarcuandofuncione/.nvm/versions/node/v9.9.0/lib/node_modules/yarn/lib/cli.js:186:110)
      at Object.<anonymous> (/home/borrarcuandofuncione/.nvm/versions/node/v9.9.0/lib/node_modules/yarn/lib/cli.js:21987:13)
      at Generator.next (<anonymous>)
      at step (/home/borrarcuandofuncione/.nvm/versions/node/v9.9.0/lib/node_modules/yarn/lib/cli.js:98:30)
      at /home/borrarcuandofuncione/.nvm/versions/node/v9.9.0/lib/node_modules/yarn/lib/cli.js:109:13
      at <anonymous>
